# Logfile created on 2014-01-16 10:35:59 -0500 by logger.rb/41954
I, [2014-01-16T10:35:59.115537 #12923]  INFO -- : 0:  rake (10.1.1) from /Users/evanbesser/.rvm/gems/ruby-2.0.0-p353@wdi-block/specifications/rake-10.1.1.gemspec
I, [2014-01-16T10:35:59.115975 #12923]  INFO -- : 0:  i18n (0.6.9) from /Users/evanbesser/.rvm/gems/ruby-2.0.0-p353@wdi-block/specifications/i18n-0.6.9.gemspec
I, [2014-01-16T10:35:59.116247 #12923]  INFO -- : 0:  multi_json (1.8.4) from /Users/evanbesser/.rvm/gems/ruby-2.0.0-p353@wdi-block/specifications/multi_json-1.8.4.gemspec
I, [2014-01-16T10:35:59.116512 #12923]  INFO -- : 0:  activesupport (3.2.16) from /Users/evanbesser/.rvm/gems/ruby-2.0.0-p353@wdi-block/specifications/activesupport-3.2.16.gemspec
I, [2014-01-16T10:35:59.116743 #12923]  INFO -- : 0:  builder (3.0.4) from /Users/evanbesser/.rvm/gems/ruby-2.0.0-p353@wdi-block/specifications/builder-3.0.4.gemspec
I, [2014-01-16T10:35:59.116981 #12923]  INFO -- : 0:  activemodel (3.2.16) from /Users/evanbesser/.rvm/gems/ruby-2.0.0-p353@wdi-block/specifications/activemodel-3.2.16.gemspec
I, [2014-01-16T10:35:59.117209 #12923]  INFO -- : 0:  erubis (2.7.0) from /Users/evanbesser/.rvm/gems/ruby-2.0.0-p353@global/specifications/erubis-2.7.0.gemspec
I, [2014-01-16T10:35:59.117431 #12923]  INFO -- : 0:  journey (1.0.4) from /Users/evanbesser/.rvm/gems/ruby-2.0.0-p353@wdi-block/specifications/journey-1.0.4.gemspec
I, [2014-01-16T10:35:59.117655 #12923]  INFO -- : 0:  rack (1.4.5) from /Users/evanbesser/.rvm/gems/ruby-2.0.0-p353@wdi-block/specifications/rack-1.4.5.gemspec
I, [2014-01-16T10:35:59.117873 #12923]  INFO -- : 0:  rack-cache (1.2) from /Users/evanbesser/.rvm/gems/ruby-2.0.0-p353@wdi-block/specifications/rack-cache-1.2.gemspec
I, [2014-01-16T10:35:59.118095 #12923]  INFO -- : 0:  rack-test (0.6.2) from /Users/evanbesser/.rvm/gems/ruby-2.0.0-p353@global/specifications/rack-test-0.6.2.gemspec
I, [2014-01-16T10:35:59.118316 #12923]  INFO -- : 0:  hike (1.2.3) from /Users/evanbesser/.rvm/gems/ruby-2.0.0-p353@global/specifications/hike-1.2.3.gemspec
I, [2014-01-16T10:35:59.118537 #12923]  INFO -- : 0:  tilt (1.4.1) from /Users/evanbesser/.rvm/gems/ruby-2.0.0-p353@global/specifications/tilt-1.4.1.gemspec
I, [2014-01-16T10:35:59.118763 #12923]  INFO -- : 0:  sprockets (2.2.2) from /Users/evanbesser/.rvm/gems/ruby-2.0.0-p353@wdi-block/specifications/sprockets-2.2.2.gemspec
I, [2014-01-16T10:35:59.118992 #12923]  INFO -- : 0:  actionpack (3.2.16) from /Users/evanbesser/.rvm/gems/ruby-2.0.0-p353@wdi-block/specifications/actionpack-3.2.16.gemspec
I, [2014-01-16T10:35:59.119213 #12923]  INFO -- : 0:  mime-types (1.25.1) from /Users/evanbesser/.rvm/gems/ruby-2.0.0-p353@global/specifications/mime-types-1.25.1.gemspec
I, [2014-01-16T10:35:59.119434 #12923]  INFO -- : 0:  polyglot (0.3.3) from /Users/evanbesser/.rvm/gems/ruby-2.0.0-p353@global/specifications/polyglot-0.3.3.gemspec
I, [2014-01-16T10:35:59.119661 #12923]  INFO -- : 0:  treetop (1.4.15) from /Users/evanbesser/.rvm/gems/ruby-2.0.0-p353@global/specifications/treetop-1.4.15.gemspec
I, [2014-01-16T10:35:59.119885 #12923]  INFO -- : 0:  mail (2.5.4) from /Users/evanbesser/.rvm/gems/ruby-2.0.0-p353@global/specifications/mail-2.5.4.gemspec
I, [2014-01-16T10:35:59.120113 #12923]  INFO -- : 0:  actionmailer (3.2.16) from /Users/evanbesser/.rvm/gems/ruby-2.0.0-p353@wdi-block/specifications/actionmailer-3.2.16.gemspec
I, [2014-01-16T10:35:59.120334 #12923]  INFO -- : 0:  arel (3.0.3) from /Users/evanbesser/.rvm/gems/ruby-2.0.0-p353@wdi-block/specifications/arel-3.0.3.gemspec
I, [2014-01-16T10:35:59.120557 #12923]  INFO -- : 0:  tzinfo (0.3.38) from /Users/evanbesser/.rvm/gems/ruby-2.0.0-p353@global/specifications/tzinfo-0.3.38.gemspec
I, [2014-01-16T10:35:59.120787 #12923]  INFO -- : 0:  activerecord (3.2.16) from /Users/evanbesser/.rvm/gems/ruby-2.0.0-p353@wdi-block/specifications/activerecord-3.2.16.gemspec
I, [2014-01-16T10:35:59.121010 #12923]  INFO -- : 0:  activeresource (3.2.16) from /Users/evanbesser/.rvm/gems/ruby-2.0.0-p353@wdi-block/specifications/activeresource-3.2.16.gemspec
I, [2014-01-16T10:35:59.121228 #12923]  INFO -- : 0:  atomic (1.1.14) from /Users/evanbesser/.rvm/gems/ruby-2.0.0-p353@global/specifications/atomic-1.1.14.gemspec
I, [2014-01-16T10:35:59.121458 #12923]  INFO -- : 0:  bcrypt-ruby (3.1.2) from /Users/evanbesser/.rvm/gems/ruby-2.0.0-p353@wdi-block/specifications/bcrypt-ruby-3.1.2.gemspec
I, [2014-01-16T10:35:59.121667 #12923]  INFO -- : 0:  bundler (1.5.1) from /Users/evanbesser/.rvm/gems/ruby-2.0.0-p353@wdi-block/specifications/bundler-1.5.1.gemspec
I, [2014-01-16T10:35:59.121884 #12923]  INFO -- : 0:  mini_portile (0.5.2) from /Users/evanbesser/.rvm/gems/ruby-2.0.0-p353@wdi-block/specifications/mini_portile-0.5.2.gemspec
I, [2014-01-16T10:35:59.122116 #12923]  INFO -- : 0:  nokogiri (1.6.1) from /Users/evanbesser/.rvm/gems/ruby-2.0.0-p353@wdi-block/specifications/nokogiri-1.6.1.gemspec
I, [2014-01-16T10:35:59.122375 #12923]  INFO -- : 0:  xpath (2.0.0) from /Users/evanbesser/.rvm/gems/ruby-2.0.0-p353@wdi-block/specifications/xpath-2.0.0.gemspec
I, [2014-01-16T10:35:59.122693 #12923]  INFO -- : 0:  capybara (2.2.1) from /Users/evanbesser/.rvm/gems/ruby-2.0.0-p353@wdi-block/specifications/capybara-2.2.1.gemspec
I, [2014-01-16T10:35:59.122986 #12923]  INFO -- : 0:  coderay (1.1.0) from /Users/evanbesser/.rvm/gems/ruby-2.0.0-p353@wdi-block/specifications/coderay-1.1.0.gemspec
I, [2014-01-16T10:35:59.123291 #12923]  INFO -- : 0:  coffee-script-source (1.6.3) from /Users/evanbesser/.rvm/gems/ruby-2.0.0-p353@wdi-block/specifications/coffee-script-source-1.6.3.gemspec
I, [2014-01-16T10:35:59.123594 #12923]  INFO -- : 0:  execjs (2.0.2) from /Users/evanbesser/.rvm/gems/ruby-2.0.0-p353@wdi-block/specifications/execjs-2.0.2.gemspec
I, [2014-01-16T10:35:59.123857 #12923]  INFO -- : 0:  coffee-script (2.2.0) from /Users/evanbesser/.rvm/gems/ruby-2.0.0-p353@wdi-block/specifications/coffee-script-2.2.0.gemspec
I, [2014-01-16T10:35:59.124126 #12923]  INFO -- : 0:  rack-ssl (1.3.3) from /Users/evanbesser/.rvm/gems/ruby-2.0.0-p353@wdi-block/specifications/rack-ssl-1.3.3.gemspec
I, [2014-01-16T10:35:59.124352 #12923]  INFO -- : 0:  json (1.8.1) from /Users/evanbesser/.rvm/gems/ruby-2.0.0-p353@wdi-block/specifications/json-1.8.1.gemspec
I, [2014-01-16T10:35:59.124576 #12923]  INFO -- : 0:  rdoc (3.12.2) from /Users/evanbesser/.rvm/gems/ruby-2.0.0-p353@wdi-block/specifications/rdoc-3.12.2.gemspec
I, [2014-01-16T10:35:59.124822 #12923]  INFO -- : 0:  thor (0.18.1) from /Users/evanbesser/.rvm/gems/ruby-2.0.0-p353@global/specifications/thor-0.18.1.gemspec
I, [2014-01-16T10:35:59.125105 #12923]  INFO -- : 0:  railties (3.2.16) from /Users/evanbesser/.rvm/gems/ruby-2.0.0-p353@wdi-block/specifications/railties-3.2.16.gemspec
I, [2014-01-16T10:35:59.125355 #12923]  INFO -- : 0:  coffee-rails (3.2.2) from /Users/evanbesser/.rvm/gems/ruby-2.0.0-p353@wdi-block/specifications/coffee-rails-3.2.2.gemspec
I, [2014-01-16T10:35:59.125572 #12923]  INFO -- : 0:  orm_adapter (0.5.0) from /Users/evanbesser/.rvm/gems/ruby-2.0.0-p353@wdi-block/specifications/orm_adapter-0.5.0.gemspec
I, [2014-01-16T10:35:59.125792 #12923]  INFO -- : 0:  thread_safe (0.1.3) from /Users/evanbesser/.rvm/gems/ruby-2.0.0-p353@global/specifications/thread_safe-0.1.3.gemspec
I, [2014-01-16T10:35:59.126006 #12923]  INFO -- : 0:  warden (1.2.3) from /Users/evanbesser/.rvm/gems/ruby-2.0.0-p353@wdi-block/specifications/warden-1.2.3.gemspec
I, [2014-01-16T10:35:59.126234 #12923]  INFO -- : 0:  devise (3.2.2) from /Users/evanbesser/.rvm/gems/ruby-2.0.0-p353@wdi-block/specifications/devise-3.2.2.gemspec
I, [2014-01-16T10:35:59.126462 #12923]  INFO -- : 0:  diff-lcs (1.2.5) from /Users/evanbesser/.rvm/gems/ruby-2.0.0-p353@wdi-block/specifications/diff-lcs-1.2.5.gemspec
I, [2014-01-16T10:35:59.126680 #12923]  INFO -- : 0:  faker (1.2.0) from /Users/evanbesser/.rvm/gems/ruby-2.0.0-p353@wdi-block/specifications/faker-1.2.0.gemspec
I, [2014-01-16T10:35:59.126891 #12923]  INFO -- : 0:  sass (3.2.13) from /Users/evanbesser/.rvm/gems/ruby-2.0.0-p353@wdi-block/specifications/sass-3.2.13.gemspec
I, [2014-01-16T10:35:59.127110 #12923]  INFO -- : 0:  foundation-rails (5.0.2.0) from /Users/evanbesser/.rvm/gems/ruby-2.0.0-p353@wdi-block/specifications/foundation-rails-5.0.2.0.gemspec
I, [2014-01-16T10:35:59.127345 #12923]  INFO -- : 0:  multi_xml (0.5.5) from /Users/evanbesser/.rvm/gems/ruby-2.0.0-p353@wdi-block/specifications/multi_xml-0.5.5.gemspec
I, [2014-01-16T10:35:59.127560 #12923]  INFO -- : 0:  httparty (0.12.0) from /Users/evanbesser/.rvm/gems/ruby-2.0.0-p353@wdi-block/specifications/httparty-0.12.0.gemspec
I, [2014-01-16T10:35:59.127778 #12923]  INFO -- : 0:  jquery-rails (3.0.4) from /Users/evanbesser/.rvm/gems/ruby-2.0.0-p353@wdi-block/specifications/jquery-rails-3.0.4.gemspec
I, [2014-01-16T10:35:59.128011 #12923]  INFO -- : 0:  method_source (0.8.2) from /Users/evanbesser/.rvm/gems/ruby-2.0.0-p353@wdi-block/specifications/method_source-0.8.2.gemspec
I, [2014-01-16T10:35:59.128228 #12923]  INFO -- : 0:  pg (0.17.1) from /Users/evanbesser/.rvm/gems/ruby-2.0.0-p353@wdi-block/specifications/pg-0.17.1.gemspec
I, [2014-01-16T10:35:59.128442 #12923]  INFO -- : 0:  slop (3.4.7) from /Users/evanbesser/.rvm/gems/ruby-2.0.0-p353@wdi-block/specifications/slop-3.4.7.gemspec
I, [2014-01-16T10:35:59.128660 #12923]  INFO -- : 0:  pry (0.9.12.4) from /Users/evanbesser/.rvm/gems/ruby-2.0.0-p353@wdi-block/specifications/pry-0.9.12.4.gemspec
I, [2014-01-16T10:35:59.128884 #12923]  INFO -- : 0:  pry-rails (0.3.2) from /Users/evanbesser/.rvm/gems/ruby-2.0.0-p353@wdi-block/specifications/pry-rails-0.3.2.gemspec
I, [2014-01-16T10:35:59.129144 #12923]  INFO -- : 0:  rails (3.2.16) from /Users/evanbesser/.rvm/gems/ruby-2.0.0-p353@wdi-block/specifications/rails-3.2.16.gemspec
I, [2014-01-16T10:35:59.129387 #12923]  INFO -- : 0:  rspec-core (2.14.7) from /Users/evanbesser/.rvm/gems/ruby-2.0.0-p353@wdi-block/specifications/rspec-core-2.14.7.gemspec
I, [2014-01-16T10:35:59.129620 #12923]  INFO -- : 0:  rspec-expectations (2.14.4) from /Users/evanbesser/.rvm/gems/ruby-2.0.0-p353@wdi-block/specifications/rspec-expectations-2.14.4.gemspec
I, [2014-01-16T10:35:59.129849 #12923]  INFO -- : 0:  rspec-mocks (2.14.4) from /Users/evanbesser/.rvm/gems/ruby-2.0.0-p353@wdi-block/specifications/rspec-mocks-2.14.4.gemspec
I, [2014-01-16T10:35:59.130068 #12923]  INFO -- : 0:  rspec (2.14.1) from /Users/evanbesser/.rvm/gems/ruby-2.0.0-p353@wdi-block/specifications/rspec-2.14.1.gemspec
I, [2014-01-16T10:35:59.130284 #12923]  INFO -- : 0:  rspec-rails (2.14.1) from /Users/evanbesser/.rvm/gems/ruby-2.0.0-p353@wdi-block/specifications/rspec-rails-2.14.1.gemspec
I, [2014-01-16T10:35:59.130510 #12923]  INFO -- : 0:  sass-rails (3.2.6) from /Users/evanbesser/.rvm/gems/ruby-2.0.0-p353@wdi-block/specifications/sass-rails-3.2.6.gemspec
I, [2014-01-16T10:35:59.130724 #12923]  INFO -- : 0:  uglifier (2.4.0) from /Users/evanbesser/.rvm/gems/ruby-2.0.0-p353@wdi-block/specifications/uglifier-2.4.0.gemspec
I, [2014-01-16T10:36:00.762764 #12923]  INFO -- : 0:  will_paginate (3.0.5) from /Users/evanbesser/.rvm/gems/ruby-2.0.0-p353@wdi-block/specifications/will_paginate-3.0.5.gemspec
